<?xml version="1.0" encoding="UTF-8"?>
<testsuite name="SecondExampleTest" tests="4" skipped="0" failures="0" errors="0" timestamp="2021-01-28T00:27:59" hostname="LAPTOP-6R46FHR6" time="0.008">
  <properties/>
  <testcase name="secondExampleTest1" classname="SecondExampleTest" time="0.006"/>
  <testcase name="secondExampleTest2" classname="SecondExampleTest" time="0.0"/>
  <testcase name="secondExampleTest3" classname="SecondExampleTest" time="0.0"/>
  <testcase name="secondExampleTest4" classname="SecondExampleTest" time="0.0"/>
  <system-out><![CDATA[]]></system-out>
  <system-err><![CDATA[]]></system-err>
</testsuite>
