<?xml version="1.0" encoding="UTF-8"?>
<testsuite name="FourthExampleTest" tests="1" skipped="0" failures="0" errors="0" timestamp="2021-01-31T23:49:37" hostname="LAPTOP-6R46FHR6" time="0.024">
  <properties/>
  <testcase name="takeBooleanOfCollection" classname="FourthExampleTest" time="0.024"/>
  <system-out><![CDATA[]]></system-out>
  <system-err><![CDATA[]]></system-err>
</testsuite>
