<?xml version="1.0" encoding="UTF-8"?>
<testsuite name="FirstExampleTest" tests="4" skipped="0" failures="0" errors="0" timestamp="2021-01-27T22:14:56" hostname="LAPTOP-6R46FHR6" time="0.027">
  <properties/>
  <testcase name="firstExampleTest1" classname="FirstExampleTest" time="0.025"/>
  <testcase name="firstExampleTest2" classname="FirstExampleTest" time="0.0"/>
  <testcase name="firstExampleTest3" classname="FirstExampleTest" time="0.0"/>
  <testcase name="firstExampleTest4" classname="FirstExampleTest" time="0.0"/>
  <system-out><![CDATA[]]></system-out>
  <system-err><![CDATA[]]></system-err>
</testsuite>
